Start testing: Oct 27 23:01 HKT
----------------------------------------------------------
1/166 Testing: t_wrapping_ints_cmp
1/166 Test: t_wrapping_ints_cmp
Command: "/home/hwd/code/cpp/cs144/sponge/build/tests/wrapping_integers_cmp"
Directory: /home/hwd/code/cpp/cs144/sponge/build
"t_wrapping_ints_cmp" start time: Oct 27 23:01 HKT
Output:
----------------------------------------------------------
<end of output>
Test time =   0.00 sec
----------------------------------------------------------
Test Passed.
"t_wrapping_ints_cmp" end time: Oct 27 23:01 HKT
"t_wrapping_ints_cmp" time elapsed: 00:00:00
----------------------------------------------------------

2/166 Testing: t_wrapping_ints_unwrap
2/166 Test: t_wrapping_ints_unwrap
Command: "/home/hwd/code/cpp/cs144/sponge/build/tests/wrapping_integers_unwrap"
Directory: /home/hwd/code/cpp/cs144/sponge/build
"t_wrapping_ints_unwrap" start time: Oct 27 23:01 HKT
Output:
----------------------------------------------------------
<end of output>
Test time =   0.00 sec
----------------------------------------------------------
Test Passed.
"t_wrapping_ints_unwrap" end time: Oct 27 23:01 HKT
"t_wrapping_ints_unwrap" time elapsed: 00:00:00
----------------------------------------------------------

3/166 Testing: t_wrapping_ints_wrap
3/166 Test: t_wrapping_ints_wrap
Command: "/home/hwd/code/cpp/cs144/sponge/build/tests/wrapping_integers_wrap"
Directory: /home/hwd/code/cpp/cs144/sponge/build
"t_wrapping_ints_wrap" start time: Oct 27 23:01 HKT
Output:
----------------------------------------------------------
<end of output>
Test time =   0.00 sec
----------------------------------------------------------
Test Passed.
"t_wrapping_ints_wrap" end time: Oct 27 23:01 HKT
"t_wrapping_ints_wrap" time elapsed: 00:00:00
----------------------------------------------------------

4/166 Testing: t_recv_connect
4/166 Test: t_recv_connect
Command: "/home/hwd/code/cpp/cs144/sponge/build/tests/recv_connect"
Directory: /home/hwd/code/cpp/cs144/sponge/build
"t_recv_connect" start time: Oct 27 23:01 HKT
Output:
----------------------------------------------------------
<end of output>
Test time =   0.00 sec
----------------------------------------------------------
Test Passed.
"t_recv_connect" end time: Oct 27 23:01 HKT
"t_recv_connect" time elapsed: 00:00:00
----------------------------------------------------------

5/166 Testing: t_recv_transmit
5/166 Test: t_recv_transmit
Command: "/home/hwd/code/cpp/cs144/sponge/build/tests/recv_transmit"
Directory: /home/hwd/code/cpp/cs144/sponge/build
"t_recv_transmit" start time: Oct 27 23:01 HKT
Output:
----------------------------------------------------------
<end of output>
Test time =   0.02 sec
----------------------------------------------------------
Test Passed.
"t_recv_transmit" end time: Oct 27 23:01 HKT
"t_recv_transmit" time elapsed: 00:00:00
----------------------------------------------------------

6/166 Testing: t_recv_window
6/166 Test: t_recv_window
Command: "/home/hwd/code/cpp/cs144/sponge/build/tests/recv_window"
Directory: /home/hwd/code/cpp/cs144/sponge/build
"t_recv_window" start time: Oct 27 23:01 HKT
Output:
----------------------------------------------------------
<end of output>
Test time =   0.00 sec
----------------------------------------------------------
Test Passed.
"t_recv_window" end time: Oct 27 23:01 HKT
"t_recv_window" time elapsed: 00:00:00
----------------------------------------------------------

7/166 Testing: t_recv_reorder
7/166 Test: t_recv_reorder
Command: "/home/hwd/code/cpp/cs144/sponge/build/tests/recv_reorder"
Directory: /home/hwd/code/cpp/cs144/sponge/build
"t_recv_reorder" start time: Oct 27 23:01 HKT
Output:
----------------------------------------------------------
<end of output>
Test time =   0.00 sec
----------------------------------------------------------
Test Passed.
"t_recv_reorder" end time: Oct 27 23:01 HKT
"t_recv_reorder" time elapsed: 00:00:00
----------------------------------------------------------

8/166 Testing: t_recv_close
8/166 Test: t_recv_close
Command: "/home/hwd/code/cpp/cs144/sponge/build/tests/recv_close"
Directory: /home/hwd/code/cpp/cs144/sponge/build
"t_recv_close" start time: Oct 27 23:01 HKT
Output:
----------------------------------------------------------
<end of output>
Test time =   0.00 sec
----------------------------------------------------------
Test Passed.
"t_recv_close" end time: Oct 27 23:01 HKT
"t_recv_close" time elapsed: 00:00:00
----------------------------------------------------------

9/166 Testing: t_send_connect
9/166 Test: t_send_connect
Command: "/home/hwd/code/cpp/cs144/sponge/build/tests/send_connect"
Directory: /home/hwd/code/cpp/cs144/sponge/build
"t_send_connect" start time: Oct 27 23:01 HKT
Output:
----------------------------------------------------------
<end of output>
Test time =   0.00 sec
----------------------------------------------------------
Test Passed.
"t_send_connect" end time: Oct 27 23:01 HKT
"t_send_connect" time elapsed: 00:00:00
----------------------------------------------------------

10/166 Testing: t_send_transmit
10/166 Test: t_send_transmit
Command: "/home/hwd/code/cpp/cs144/sponge/build/tests/send_transmit"
Directory: /home/hwd/code/cpp/cs144/sponge/build
"t_send_transmit" start time: Oct 27 23:01 HKT
Output:
----------------------------------------------------------
<end of output>
Test time =   0.02 sec
----------------------------------------------------------
Test Passed.
"t_send_transmit" end time: Oct 27 23:01 HKT
"t_send_transmit" time elapsed: 00:00:00
----------------------------------------------------------

11/166 Testing: t_send_retx
11/166 Test: t_send_retx
Command: "/home/hwd/code/cpp/cs144/sponge/build/tests/send_retx"
Directory: /home/hwd/code/cpp/cs144/sponge/build
"t_send_retx" start time: Oct 27 23:01 HKT
Output:
----------------------------------------------------------
<end of output>
Test time =   0.00 sec
----------------------------------------------------------
Test Passed.
"t_send_retx" end time: Oct 27 23:01 HKT
"t_send_retx" time elapsed: 00:00:00
----------------------------------------------------------

12/166 Testing: t_send_window
12/166 Test: t_send_window
Command: "/home/hwd/code/cpp/cs144/sponge/build/tests/send_window"
Directory: /home/hwd/code/cpp/cs144/sponge/build
"t_send_window" start time: Oct 27 23:01 HKT
Output:
----------------------------------------------------------
<end of output>
Test time =   0.01 sec
----------------------------------------------------------
Test Passed.
"t_send_window" end time: Oct 27 23:01 HKT
"t_send_window" time elapsed: 00:00:00
----------------------------------------------------------

13/166 Testing: t_send_ack
13/166 Test: t_send_ack
Command: "/home/hwd/code/cpp/cs144/sponge/build/tests/send_ack"
Directory: /home/hwd/code/cpp/cs144/sponge/build
"t_send_ack" start time: Oct 27 23:01 HKT
Output:
----------------------------------------------------------
<end of output>
Test time =   0.00 sec
----------------------------------------------------------
Test Passed.
"t_send_ack" end time: Oct 27 23:01 HKT
"t_send_ack" time elapsed: 00:00:00
----------------------------------------------------------

14/166 Testing: t_send_close
14/166 Test: t_send_close
Command: "/home/hwd/code/cpp/cs144/sponge/build/tests/send_close"
Directory: /home/hwd/code/cpp/cs144/sponge/build
"t_send_close" start time: Oct 27 23:01 HKT
Output:
----------------------------------------------------------
<end of output>
Test time =   0.00 sec
----------------------------------------------------------
Test Passed.
"t_send_close" end time: Oct 27 23:01 HKT
"t_send_close" time elapsed: 00:00:00
----------------------------------------------------------

15/166 Testing: t_strm_reassem_cap
15/166 Test: t_strm_reassem_cap
Command: "/home/hwd/code/cpp/cs144/sponge/build/tests/fsm_stream_reassembler_cap"
Directory: /home/hwd/code/cpp/cs144/sponge/build
"t_strm_reassem_cap" start time: Oct 27 23:01 HKT
Output:
----------------------------------------------------------
<end of output>
Test time =   0.00 sec
----------------------------------------------------------
Test Passed.
"t_strm_reassem_cap" end time: Oct 27 23:01 HKT
"t_strm_reassem_cap" time elapsed: 00:00:00
----------------------------------------------------------

16/166 Testing: t_strm_reassem_single
16/166 Test: t_strm_reassem_single
Command: "/home/hwd/code/cpp/cs144/sponge/build/tests/fsm_stream_reassembler_single"
Directory: /home/hwd/code/cpp/cs144/sponge/build
"t_strm_reassem_single" start time: Oct 27 23:01 HKT
Output:
----------------------------------------------------------
<end of output>
Test time =   0.00 sec
----------------------------------------------------------
Test Passed.
"t_strm_reassem_single" end time: Oct 27 23:01 HKT
"t_strm_reassem_single" time elapsed: 00:00:00
----------------------------------------------------------

17/166 Testing: t_strm_reassem_seq
17/166 Test: t_strm_reassem_seq
Command: "/home/hwd/code/cpp/cs144/sponge/build/tests/fsm_stream_reassembler_seq"
Directory: /home/hwd/code/cpp/cs144/sponge/build
"t_strm_reassem_seq" start time: Oct 27 23:01 HKT
Output:
----------------------------------------------------------
<end of output>
Test time =   0.00 sec
----------------------------------------------------------
Test Passed.
"t_strm_reassem_seq" end time: Oct 27 23:01 HKT
"t_strm_reassem_seq" time elapsed: 00:00:00
----------------------------------------------------------

18/166 Testing: t_strm_reassem_dup
18/166 Test: t_strm_reassem_dup
Command: "/home/hwd/code/cpp/cs144/sponge/build/tests/fsm_stream_reassembler_dup"
Directory: /home/hwd/code/cpp/cs144/sponge/build
"t_strm_reassem_dup" start time: Oct 27 23:01 HKT
Output:
----------------------------------------------------------
<end of output>
Test time =   0.00 sec
----------------------------------------------------------
Test Passed.
"t_strm_reassem_dup" end time: Oct 27 23:01 HKT
"t_strm_reassem_dup" time elapsed: 00:00:00
----------------------------------------------------------

19/166 Testing: t_strm_reassem_holes
19/166 Test: t_strm_reassem_holes
Command: "/home/hwd/code/cpp/cs144/sponge/build/tests/fsm_stream_reassembler_holes"
Directory: /home/hwd/code/cpp/cs144/sponge/build
"t_strm_reassem_holes" start time: Oct 27 23:01 HKT
Output:
----------------------------------------------------------
<end of output>
Test time =   0.00 sec
----------------------------------------------------------
Test Passed.
"t_strm_reassem_holes" end time: Oct 27 23:01 HKT
"t_strm_reassem_holes" time elapsed: 00:00:00
----------------------------------------------------------

20/166 Testing: t_strm_reassem_many
20/166 Test: t_strm_reassem_many
Command: "/home/hwd/code/cpp/cs144/sponge/build/tests/fsm_stream_reassembler_many"
Directory: /home/hwd/code/cpp/cs144/sponge/build
"t_strm_reassem_many" start time: Oct 27 23:01 HKT
Output:
----------------------------------------------------------
<end of output>
Test time =   0.51 sec
----------------------------------------------------------
Test Passed.
"t_strm_reassem_many" end time: Oct 27 23:01 HKT
"t_strm_reassem_many" time elapsed: 00:00:00
----------------------------------------------------------

21/166 Testing: t_strm_reassem_overlapping
21/166 Test: t_strm_reassem_overlapping
Command: "/home/hwd/code/cpp/cs144/sponge/build/tests/fsm_stream_reassembler_overlapping"
Directory: /home/hwd/code/cpp/cs144/sponge/build
"t_strm_reassem_overlapping" start time: Oct 27 23:01 HKT
Output:
----------------------------------------------------------
<end of output>
Test time =   0.00 sec
----------------------------------------------------------
Test Passed.
"t_strm_reassem_overlapping" end time: Oct 27 23:01 HKT
"t_strm_reassem_overlapping" time elapsed: 00:00:00
----------------------------------------------------------

22/166 Testing: t_strm_reassem_win
22/166 Test: t_strm_reassem_win
Command: "/home/hwd/code/cpp/cs144/sponge/build/tests/fsm_stream_reassembler_win"
Directory: /home/hwd/code/cpp/cs144/sponge/build
"t_strm_reassem_win" start time: Oct 27 23:01 HKT
Output:
----------------------------------------------------------
<end of output>
Test time =   0.59 sec
----------------------------------------------------------
Test Passed.
"t_strm_reassem_win" end time: Oct 27 23:01 HKT
"t_strm_reassem_win" time elapsed: 00:00:00
----------------------------------------------------------

23/166 Testing: t_byte_stream_construction
23/166 Test: t_byte_stream_construction
Command: "/home/hwd/code/cpp/cs144/sponge/build/tests/byte_stream_construction"
Directory: /home/hwd/code/cpp/cs144/sponge/build
"t_byte_stream_construction" start time: Oct 27 23:01 HKT
Output:
----------------------------------------------------------
<end of output>
Test time =   0.00 sec
----------------------------------------------------------
Test Passed.
"t_byte_stream_construction" end time: Oct 27 23:01 HKT
"t_byte_stream_construction" time elapsed: 00:00:00
----------------------------------------------------------

24/166 Testing: t_byte_stream_one_write
24/166 Test: t_byte_stream_one_write
Command: "/home/hwd/code/cpp/cs144/sponge/build/tests/byte_stream_one_write"
Directory: /home/hwd/code/cpp/cs144/sponge/build
"t_byte_stream_one_write" start time: Oct 27 23:01 HKT
Output:
----------------------------------------------------------
<end of output>
Test time =   0.00 sec
----------------------------------------------------------
Test Passed.
"t_byte_stream_one_write" end time: Oct 27 23:01 HKT
"t_byte_stream_one_write" time elapsed: 00:00:00
----------------------------------------------------------

25/166 Testing: t_byte_stream_two_writes
25/166 Test: t_byte_stream_two_writes
Command: "/home/hwd/code/cpp/cs144/sponge/build/tests/byte_stream_two_writes"
Directory: /home/hwd/code/cpp/cs144/sponge/build
"t_byte_stream_two_writes" start time: Oct 27 23:01 HKT
Output:
----------------------------------------------------------
<end of output>
Test time =   0.00 sec
----------------------------------------------------------
Test Passed.
"t_byte_stream_two_writes" end time: Oct 27 23:01 HKT
"t_byte_stream_two_writes" time elapsed: 00:00:00
----------------------------------------------------------

26/166 Testing: t_byte_stream_capacity
26/166 Test: t_byte_stream_capacity
Command: "/home/hwd/code/cpp/cs144/sponge/build/tests/byte_stream_capacity"
Directory: /home/hwd/code/cpp/cs144/sponge/build
"t_byte_stream_capacity" start time: Oct 27 23:01 HKT
Output:
----------------------------------------------------------
<end of output>
Test time =   0.00 sec
----------------------------------------------------------
Test Passed.
"t_byte_stream_capacity" end time: Oct 27 23:01 HKT
"t_byte_stream_capacity" time elapsed: 00:00:00
----------------------------------------------------------

27/166 Testing: t_byte_stream_many_writes
27/166 Test: t_byte_stream_many_writes
Command: "/home/hwd/code/cpp/cs144/sponge/build/tests/byte_stream_many_writes"
Directory: /home/hwd/code/cpp/cs144/sponge/build
"t_byte_stream_many_writes" start time: Oct 27 23:01 HKT
Output:
----------------------------------------------------------
<end of output>
Test time =   0.00 sec
----------------------------------------------------------
Test Passed.
"t_byte_stream_many_writes" end time: Oct 27 23:01 HKT
"t_byte_stream_many_writes" time elapsed: 00:00:00
----------------------------------------------------------

28/166 Testing: t_webget
28/166 Test: t_webget
Command: "/home/hwd/code/cpp/cs144/sponge/tests/webget_t.sh"
Directory: /home/hwd/code/cpp/cs144/sponge/build
"t_webget" start time: Oct 27 23:01 HKT
Output:
----------------------------------------------------------
HTTP/1.1 200 OK
Date: Wed, 27 Oct 2021 15:01:25 GMT
Server: Apache
Content-Length: 44
Content-Type: text/plain

QWx0NhMPkoM/bJr/ohvHXlviFhOyYrYb+qqdOnwLYo4
<end of output>
Test time =   0.51 sec
----------------------------------------------------------
Test Passed.
"t_webget" end time: Oct 27 23:01 HKT
"t_webget" time elapsed: 00:00:00
----------------------------------------------------------

50/166 Testing: t_address_dt
50/166 Test: t_address_dt
Command: "/home/hwd/code/cpp/cs144/sponge/build/doctests/address_dt"
Directory: /home/hwd/code/cpp/cs144/sponge/build
"t_address_dt" start time: Oct 27 23:01 HKT
Output:
----------------------------------------------------------
<end of output>
Test time =   0.01 sec
----------------------------------------------------------
Test Passed.
"t_address_dt" end time: Oct 27 23:01 HKT
"t_address_dt" time elapsed: 00:00:00
----------------------------------------------------------

51/166 Testing: t_parser_dt
51/166 Test: t_parser_dt
Command: "/home/hwd/code/cpp/cs144/sponge/build/doctests/parser_dt"
Directory: /home/hwd/code/cpp/cs144/sponge/build
"t_parser_dt" start time: Oct 27 23:01 HKT
Output:
----------------------------------------------------------
<end of output>
Test time =   0.00 sec
----------------------------------------------------------
Test Passed.
"t_parser_dt" end time: Oct 27 23:01 HKT
"t_parser_dt" time elapsed: 00:00:00
----------------------------------------------------------

52/166 Testing: t_socket_dt
52/166 Test: t_socket_dt
Command: "/home/hwd/code/cpp/cs144/sponge/build/doctests/socket_dt"
Directory: /home/hwd/code/cpp/cs144/sponge/build
"t_socket_dt" start time: Oct 27 23:01 HKT
Output:
----------------------------------------------------------
<end of output>
Test time =   0.00 sec
----------------------------------------------------------
Test Passed.
"t_socket_dt" end time: Oct 27 23:01 HKT
"t_socket_dt" time elapsed: 00:00:00
----------------------------------------------------------

End testing: Oct 27 23:01 HKT
