Start testing: Oct 15 17:36 HKT
----------------------------------------------------------
23/166 Testing: t_byte_stream_construction
23/166 Test: t_byte_stream_construction
Command: "/home/hwd/code/cpp/cs144/sponge/build/tests/byte_stream_construction"
Directory: /home/hwd/code/cpp/cs144/sponge/build
"t_byte_stream_construction" start time: Oct 15 17:36 HKT
Output:
----------------------------------------------------------
<end of output>
Test time =   0.00 sec
----------------------------------------------------------
Test Passed.
"t_byte_stream_construction" end time: Oct 15 17:36 HKT
"t_byte_stream_construction" time elapsed: 00:00:00
----------------------------------------------------------

24/166 Testing: t_byte_stream_one_write
24/166 Test: t_byte_stream_one_write
Command: "/home/hwd/code/cpp/cs144/sponge/build/tests/byte_stream_one_write"
Directory: /home/hwd/code/cpp/cs144/sponge/build
"t_byte_stream_one_write" start time: Oct 15 17:36 HKT
Output:
----------------------------------------------------------
<end of output>
Test time =   0.00 sec
----------------------------------------------------------
Test Passed.
"t_byte_stream_one_write" end time: Oct 15 17:36 HKT
"t_byte_stream_one_write" time elapsed: 00:00:00
----------------------------------------------------------

25/166 Testing: t_byte_stream_two_writes
25/166 Test: t_byte_stream_two_writes
Command: "/home/hwd/code/cpp/cs144/sponge/build/tests/byte_stream_two_writes"
Directory: /home/hwd/code/cpp/cs144/sponge/build
"t_byte_stream_two_writes" start time: Oct 15 17:36 HKT
Output:
----------------------------------------------------------
<end of output>
Test time =   0.00 sec
----------------------------------------------------------
Test Passed.
"t_byte_stream_two_writes" end time: Oct 15 17:36 HKT
"t_byte_stream_two_writes" time elapsed: 00:00:00
----------------------------------------------------------

26/166 Testing: t_byte_stream_capacity
26/166 Test: t_byte_stream_capacity
Command: "/home/hwd/code/cpp/cs144/sponge/build/tests/byte_stream_capacity"
Directory: /home/hwd/code/cpp/cs144/sponge/build
"t_byte_stream_capacity" start time: Oct 15 17:36 HKT
Output:
----------------------------------------------------------
<end of output>
Test time =   0.00 sec
----------------------------------------------------------
Test Passed.
"t_byte_stream_capacity" end time: Oct 15 17:36 HKT
"t_byte_stream_capacity" time elapsed: 00:00:00
----------------------------------------------------------

27/166 Testing: t_byte_stream_many_writes
27/166 Test: t_byte_stream_many_writes
Command: "/home/hwd/code/cpp/cs144/sponge/build/tests/byte_stream_many_writes"
Directory: /home/hwd/code/cpp/cs144/sponge/build
"t_byte_stream_many_writes" start time: Oct 15 17:36 HKT
Output:
----------------------------------------------------------
<end of output>
Test time =   0.00 sec
----------------------------------------------------------
Test Passed.
"t_byte_stream_many_writes" end time: Oct 15 17:36 HKT
"t_byte_stream_many_writes" time elapsed: 00:00:00
----------------------------------------------------------

28/166 Testing: t_webget
28/166 Test: t_webget
Command: "/home/hwd/code/cpp/cs144/sponge/tests/webget_t.sh"
Directory: /home/hwd/code/cpp/cs144/sponge/build
"t_webget" start time: Oct 15 17:36 HKT
Output:
----------------------------------------------------------
HTTP/1.1 200 OK
Date: Fri, 15 Oct 2021 09:36:07 GMT
Server: Apache
Content-Length: 44
Content-Type: text/plain

QWx0NhMPkoM/bJr/ohvHXlviFhOyYrYb+qqdOnwLYo4
<end of output>
Test time =   0.49 sec
----------------------------------------------------------
Test Passed.
"t_webget" end time: Oct 15 17:36 HKT
"t_webget" time elapsed: 00:00:00
----------------------------------------------------------

50/166 Testing: t_address_dt
50/166 Test: t_address_dt
Command: "/home/hwd/code/cpp/cs144/sponge/build/doctests/address_dt"
Directory: /home/hwd/code/cpp/cs144/sponge/build
"t_address_dt" start time: Oct 15 17:36 HKT
Output:
----------------------------------------------------------
<end of output>
Test time =   0.00 sec
----------------------------------------------------------
Test Passed.
"t_address_dt" end time: Oct 15 17:36 HKT
"t_address_dt" time elapsed: 00:00:00
----------------------------------------------------------

51/166 Testing: t_parser_dt
51/166 Test: t_parser_dt
Command: "/home/hwd/code/cpp/cs144/sponge/build/doctests/parser_dt"
Directory: /home/hwd/code/cpp/cs144/sponge/build
"t_parser_dt" start time: Oct 15 17:36 HKT
Output:
----------------------------------------------------------
<end of output>
Test time =   0.00 sec
----------------------------------------------------------
Test Passed.
"t_parser_dt" end time: Oct 15 17:36 HKT
"t_parser_dt" time elapsed: 00:00:00
----------------------------------------------------------

52/166 Testing: t_socket_dt
52/166 Test: t_socket_dt
Command: "/home/hwd/code/cpp/cs144/sponge/build/doctests/socket_dt"
Directory: /home/hwd/code/cpp/cs144/sponge/build
"t_socket_dt" start time: Oct 15 17:36 HKT
Output:
----------------------------------------------------------
<end of output>
Test time =   0.00 sec
----------------------------------------------------------
Test Passed.
"t_socket_dt" end time: Oct 15 17:36 HKT
"t_socket_dt" time elapsed: 00:00:00
----------------------------------------------------------

End testing: Oct 15 17:36 HKT
